{
  "stats": {
    "suites": 1,
    "tests": 3,
    "passes": 2,
    "pending": 1,
    "failures": 0,
    "start": "2021-07-06T11:27:15.553Z",
    "end": "2021-07-06T11:27:15.588Z",
    "duration": 35,
    "testsRegistered": 3,
    "passPercent": 100,
    "pendingPercent": 33.33333333333333,
    "other": 0,
    "hasOther": false,
    "skipped": 0,
    "hasSkipped": false
  },
  "results": [
    {
      "uuid": "116e2a54-69d1-4b5d-a251-1341ac6e14ea",
      "title": "",
      "fullFile": "",
      "file": "",
      "beforeHooks": [
        {
          "title": "\"before all\" hook in \"{root}\"",
          "fullTitle": "\"before all\" hook in \"{root}\"",
          "timedOut": false,
          "duration": 1,
          "state": null,
          "speed": null,
          "pass": false,
          "fail": false,
          "pending": false,
          "context": null,
          "code": "log('start')",
          "err": {},
          "uuid": "8948879d-d60b-4e34-a86a-c04b7b9dd2e4",
          "parentUUID": "116e2a54-69d1-4b5d-a251-1341ac6e14ea",
          "isHook": true,
          "skipped": false
        },
        {
          "title": "\"before each\" hook in \"{root}\"",
          "fullTitle": "\"before each\" hook in \"{root}\"",
          "timedOut": false,
          "duration": 1,
          "state": null,
          "speed": null,
          "pass": false,
          "fail": false,
          "pending": false,
          "context": null,
          "code": "log('Starteach')",
          "err": {},
          "uuid": "c581f6bb-7867-4cbd-9174-48492e36d5cf",
          "parentUUID": "116e2a54-69d1-4b5d-a251-1341ac6e14ea",
          "isHook": true,
          "skipped": false
        }
      ],
      "afterHooks": [
        {
          "title": "\"after all\" hook in \"{root}\"",
          "fullTitle": "\"after all\" hook in \"{root}\"",
          "timedOut": false,
          "duration": 1,
          "state": null,
          "speed": null,
          "pass": false,
          "fail": false,
          "pending": false,
          "context": null,
          "code": "log('End')",
          "err": {},
          "uuid": "55b171f4-9963-4768-85e9-3a4147e36f8c",
          "parentUUID": "116e2a54-69d1-4b5d-a251-1341ac6e14ea",
          "isHook": true,
          "skipped": false
        },
        {
          "title": "\"after each\" hook in \"{root}\"",
          "fullTitle": "\"after each\" hook in \"{root}\"",
          "timedOut": false,
          "duration": 1,
          "state": null,
          "speed": null,
          "pass": false,
          "fail": false,
          "pending": false,
          "context": null,
          "code": "log('endeach')",
          "err": {},
          "uuid": "74dc72dc-c4d5-46d3-b120-23ef42192cbb",
          "parentUUID": "116e2a54-69d1-4b5d-a251-1341ac6e14ea",
          "isHook": true,
          "skipped": false
        }
      ],
      "tests": [],
      "suites": [
        {
          "uuid": "7470f6c4-d92f-4e27-8501-b8a328d3e327",
          "title": "mocha validate",
          "fullFile": "C:\\Users\\xrfk4\\Downloads\\AUtomation -cypress\\test\\samplemocha.js",
          "file": "\\test\\samplemocha.js",
          "beforeHooks": [],
          "afterHooks": [],
          "tests": [
            {
              "title": "validate through should",
              "fullTitle": "mocha validate validate through should",
              "timedOut": false,
              "duration": 3,
              "state": "passed",
              "speed": "fast",
              "pass": true,
              "fail": false,
              "pending": false,
              "context": null,
              "code": "name.should.equal('Rijvan')\n        log(iselementavailable())\n        iselementavailable().should.be.true",
              "err": {},
              "uuid": "4c5ec62a-bc06-4ce5-bbfd-ac11579f8ec8",
              "parentUUID": "7470f6c4-d92f-4e27-8501-b8a328d3e327",
              "isHook": false,
              "skipped": false
            },
            {
              "title": "validate through expert",
              "fullTitle": "mocha validate validate through expert",
              "timedOut": false,
              "duration": 0,
              "state": "pending",
              "speed": null,
              "pass": false,
              "fail": false,
              "pending": true,
              "context": null,
              "code": "",
              "err": {},
              "uuid": "2b6683d2-e4ae-4f6e-949d-d3b97a9c5f4d",
              "parentUUID": "7470f6c4-d92f-4e27-8501-b8a328d3e327",
              "isHook": false,
              "skipped": false
            },
            {
              "title": "validate through assert",
              "fullTitle": "mocha validate validate through assert",
              "timedOut": false,
              "duration": 0,
              "state": "passed",
              "speed": "fast",
              "pass": true,
              "fail": false,
              "pending": false,
              "context": null,
              "code": "assert.equal(name,'Rijvan')\n        assert.equal(iselementavailable(), true)",
              "err": {},
              "uuid": "0ef07871-d72d-4998-82df-93b22a72b546",
              "parentUUID": "7470f6c4-d92f-4e27-8501-b8a328d3e327",
              "isHook": false,
              "skipped": false
            }
          ],
          "suites": [],
          "passes": [
            "4c5ec62a-bc06-4ce5-bbfd-ac11579f8ec8",
            "0ef07871-d72d-4998-82df-93b22a72b546"
          ],
          "failures": [],
          "pending": [
            "2b6683d2-e4ae-4f6e-949d-d3b97a9c5f4d"
          ],
          "skipped": [],
          "duration": 3,
          "root": false,
          "rootEmpty": false,
          "_timeout": 2000
        }
      ],
      "passes": [],
      "failures": [],
      "pending": [],
      "skipped": [],
      "duration": 0,
      "root": true,
      "rootEmpty": true,
      "_timeout": 2000
    }
  ],
  "meta": {
    "mocha": {
      "version": "9.0.2"
    },
    "mochawesome": {
      "options": {
        "quiet": false,
        "reportFilename": "mochawesome",
        "saveHtml": true,
        "saveJson": true,
        "consoleReporter": "spec",
        "useInlineDiffs": false,
        "code": true
      },
      "version": "6.2.2"
    },
    "marge": {
      "options": null,
      "version": "5.2.0"
    }
  }
}